<?xml version="1.0" encoding="UTF-8"?>
<!-- Generated by org.testng.reporters.JUnitXMLReporter -->
<testsuite hostname="bosleo-27" ignored="0" name="Surefire test" tests="17" failures="1" timestamp="07 Apr 2018 12:46:41 GMT" time="58.745" errors="0">
  <testcase name="A_generatingAccessToken on A_generatingAccessToken(com.test.TestCase)" time="10.906" classname="com.test.TestCase"/>
  <testcase name="B_signup on B_signup(com.test.TestCase)" time="11.756" classname="com.test.TestCase"/>
  <testcase name="C_otpverify on C_otpverify(com.test.TestCase)" time="13.455" classname="com.test.TestCase"/>
  <testcase name="D_payment on D_payment(com.test.TestCase)" time="24.489" classname="com.test.TestCase"/>
  <testcase name="E_company_details on E_company_details(com.test.TestCase)" time="25.723" classname="com.test.TestCase"/>
  <testcase name="F_addClinic on F_addClinic(com.test.TestCase)" time="26.766" classname="com.test.TestCase"/>
  <testcase name="G_clinicSpeciality on G_clinicSpeciality(com.test.TestCase)" time="27.542" classname="com.test.TestCase"/>
  <testcase name="H_clinicSchedule on H_clinicSchedule(com.test.TestCase)" time="28.951" classname="com.test.TestCase"/>
  <testcase name="I_addUser on I_addUser(com.test.TestCase)" time="30.352" classname="com.test.TestCase"/>
  <testcase name="J_addstaff on J_addstaff(com.test.TestCase)" time="31.145" classname="com.test.TestCase"/>
  <testcase name="K_addInventory on K_addInventory(com.test.TestCase)" time="31.966" classname="com.test.TestCase"/>
  <testcase name="L_addServiceCode on L_addServiceCode(com.test.TestCase)" time="33.636" classname="com.test.TestCase"/>
  <testcase name="M_addOwner on M_addOwner(com.test.TestCase)" time="34.68" classname="com.test.TestCase"/>
  <testcase name="N_addPet on N_addPet(com.test.TestCase)" time="36.892" classname="com.test.TestCase"/>
  <testcase name="O_addAppointment on O_addAppointment(com.test.TestCase)" time="41.513" classname="com.test.TestCase"/>
  <testcase name="P_addEvent on P_addEvent(com.test.TestCase)" time="42.326" classname="com.test.TestCase"/>
  <testcase name="Q_getEvent on Q_getEvent(com.test.TestCase)" time="46.693" classname="com.test.TestCase">
    <failure type="java.lang.AssertionError" message="1 expectation failed.
Expected status code &amp;lt;200&amp;gt; but was &amp;lt;422&amp;gt;.
">
      <![CDATA[java.lang.AssertionError: 1 expectation failed.
Expected status code <200> but was <422>.

at io.restassured.internal.ResponseSpecificationImpl.validateResponseIfRequired(ResponseSpecificationImpl.groovy:636)
at io.restassured.internal.ResponseSpecificationImpl.statusCode(ResponseSpecificationImpl.groovy:122)
at io.restassured.internal.ResponseSpecificationImpl.statusCode(ResponseSpecificationImpl.groovy:130)
at io.restassured.internal.ValidatableResponseOptionsImpl.statusCode(ValidatableResponseOptionsImpl.java:117)
at com.methods.ApiMethods.addAppointment(ApiMethods.java:486)
at com.methods.ApiMethods.getEvent(ApiMethods.java:521)
at com.test.TestCase.Q_getEvent(TestCase.java:107)
]]>
    </failure>
  </testcase> <!-- Q_getEvent on Q_getEvent(com.test.TestCase) -->
</testsuite> <!-- Surefire test -->
