<?xml version="1.0" encoding="UTF-8"?>
<!-- Generated by org.testng.reporters.JUnitReportReporter -->
<testsuite skipped="0" hostname="bosleo-27" name="com.test.TestCase" tests="17" failures="1" timestamp="07 Apr 2018 12:46:41 GMT" time="498.791" errors="0">
  <testcase name="K_addInventory" time="31.966" classname="com.test.TestCase"/>
  <testcase name="M_addOwner" time="34.680" classname="com.test.TestCase"/>
  <testcase name="H_clinicSchedule" time="28.951" classname="com.test.TestCase"/>
  <testcase name="B_signup" time="11.756" classname="com.test.TestCase"/>
  <testcase name="P_addEvent" time="42.326" classname="com.test.TestCase"/>
  <testcase name="A_generatingAccessToken" time="10.906" classname="com.test.TestCase"/>
  <testcase name="F_addClinic" time="26.766" classname="com.test.TestCase"/>
  <testcase name="G_clinicSpeciality" time="27.542" classname="com.test.TestCase"/>
  <testcase name="E_company_details" time="25.723" classname="com.test.TestCase"/>
  <testcase name="D_payment" time="24.489" classname="com.test.TestCase"/>
  <testcase name="N_addPet" time="36.892" classname="com.test.TestCase"/>
  <testcase name="J_addstaff" time="31.145" classname="com.test.TestCase"/>
  <testcase name="Q_getEvent" time="46.693" classname="com.test.TestCase">
    <failure type="java.lang.AssertionError" message="1 expectation failed.
Expected status code &lt;200&gt; but was &lt;422&gt;.
">
      <![CDATA[java.lang.AssertionError: 1 expectation failed.
Expected status code <200> but was <422>.

at io.restassured.internal.ResponseSpecificationImpl.validateResponseIfRequired(ResponseSpecificationImpl.groovy:636)
at io.restassured.internal.ResponseSpecificationImpl.statusCode(ResponseSpecificationImpl.groovy:122)
at io.restassured.internal.ResponseSpecificationImpl.statusCode(ResponseSpecificationImpl.groovy:130)
at io.restassured.internal.ValidatableResponseOptionsImpl.statusCode(ValidatableResponseOptionsImpl.java:117)
at com.methods.ApiMethods.addAppointment(ApiMethods.java:486)
at com.methods.ApiMethods.getEvent(ApiMethods.java:521)
at com.test.TestCase.Q_getEvent(TestCase.java:107)
]]>
    </failure>
  </testcase> <!-- Q_getEvent -->
  <testcase name="I_addUser" time="30.352" classname="com.test.TestCase"/>
  <testcase name="L_addServiceCode" time="33.636" classname="com.test.TestCase"/>
  <testcase name="C_otpverify" time="13.455" classname="com.test.TestCase"/>
  <testcase name="O_addAppointment" time="41.513" classname="com.test.TestCase"/>
</testsuite> <!-- com.test.TestCase -->
